<?xml version="1.0" encoding="UTF-8"?>
<!-- Generated by org.testng.reporters.JUnitReportReporter -->
<testsuite hostname="Charging" failures="0" tests="1" name="pageTests.MallConfigTest" time="10.275" errors="0" timestamp="17 5æœˆ 2021 02:20:23 GMT" skipped="0">
  <testcase classname="pageTests.MallConfigTest" name="MallCfTest" time="10.275"/>
</testsuite> <!-- pageTests.MallConfigTest -->
